<?xml version="1.0" encoding="UTF-8"?>
<testsuite xmlns:xsi="http://www.w3.org/2001/XMLSchema-instance" xsi:noNamespaceSchemaLocation="https://maven.apache.org/surefire/maven-surefire-plugin/xsd/surefire-test-report.xsd" name="dicom.AppTest" time="0.063" tests="1" errors="0" skipped="0" failures="0">
  <properties>
    <property name="sun.desktop" value="windows"/>
    <property name="awt.toolkit" value="sun.awt.windows.WToolkit"/>
    <property name="java.specification.version" value="10"/>
    <property name="file.encoding.pkg" value="sun.io"/>
    <property name="sun.cpu.isalist" value="amd64"/>
    <property name="sun.jnu.encoding" value="Cp1252"/>
    <property name="java.class.path" value="D:\kulfiKaam\DevelopmentCode\extractor\target\test-classes;D:\kulfiKaam\DevelopmentCode\extractor\target\classes;C:\Users\tayal\.m2\repository\junit\junit\4.11\junit-4.11.jar;C:\Users\tayal\.m2\repository\org\hamcrest\hamcrest-core\1.3\hamcrest-core-1.3.jar;C:\Users\tayal\.m2\repository\org\dcm4che\dcm4che-imageio\5.20.0\dcm4che-imageio-5.20.0.jar;C:\Users\tayal\.m2\repository\org\dcm4che\dcm4che-core\5.20.0\dcm4che-core-5.20.0.jar;C:\Users\tayal\.m2\repository\org\dcm4che\dcm4che-dict\5.20.0\dcm4che-dict-5.20.0.jar;C:\Users\tayal\.m2\repository\org\slf4j\slf4j-api\1.7.29\slf4j-api-1.7.29.jar;C:\Users\tayal\.m2\repository\org\slf4j\slf4j-log4j12\1.7.29\slf4j-log4j12-1.7.29.jar;C:\Users\tayal\.m2\repository\log4j\log4j\1.2.17\log4j-1.2.17.jar;C:\Users\tayal\.m2\repository\org\dcm4che\dcm4che-image\5.20.0\dcm4che-image-5.20.0.jar;D:\kulfiKaam\DevelopmentCode\extractor\src\main\resources\pixelmed.jar;D:\kulfiKaam\DevelopmentCode\extractor\src\main\resources\pixelmed_codec.jar;D:\kulfiKaam\DevelopmentCode\extractor\src\main\resources\pixelmed_imageio.jar;C:\Users\tayal\.m2\repository\com\github\jai-imageio\jai-imageio-jpeg2000\1.3.0\jai-imageio-jpeg2000-1.3.0.jar;C:\Users\tayal\.m2\repository\com\github\jai-imageio\jai-imageio-core\1.3.0\jai-imageio-core-1.3.0.jar;"/>
    <property name="java.vm.vendor" value="&quot;Oracle Corporation&quot;"/>
    <property name="sun.arch.data.model" value="64"/>
    <property name="user.variant" value=""/>
    <property name="java.vendor.url" value="http://java.oracle.com/"/>
    <property name="user.timezone" value="Asia/Calcutta"/>
    <property name="java.vm.specification.version" value="10"/>
    <property name="os.name" value="Windows 10"/>
    <property name="sun.java.launcher" value="SUN_STANDARD"/>
    <property name="user.country" value="IN"/>
    <property name="sun.boot.library.path" value="C:\Program Files\Java\jdk-10.0.2\bin"/>
    <property name="sun.java.command" value="C:\Users\tayal\AppData\Local\Temp\surefire16444220105628941795\surefirebooter12570279316344077629.jar C:\Users\tayal\AppData\Local\Temp\surefire16444220105628941795 2020-03-01T15-19-27_531-jvmRun1 surefire17278152222250194245tmp surefire_017779196215145915175tmp"/>
    <property name="jdk.debug" value="release"/>
    <property name="surefire.test.class.path" value="D:\kulfiKaam\DevelopmentCode\extractor\target\test-classes;D:\kulfiKaam\DevelopmentCode\extractor\target\classes;C:\Users\tayal\.m2\repository\junit\junit\4.11\junit-4.11.jar;C:\Users\tayal\.m2\repository\org\hamcrest\hamcrest-core\1.3\hamcrest-core-1.3.jar;C:\Users\tayal\.m2\repository\org\dcm4che\dcm4che-imageio\5.20.0\dcm4che-imageio-5.20.0.jar;C:\Users\tayal\.m2\repository\org\dcm4che\dcm4che-core\5.20.0\dcm4che-core-5.20.0.jar;C:\Users\tayal\.m2\repository\org\dcm4che\dcm4che-dict\5.20.0\dcm4che-dict-5.20.0.jar;C:\Users\tayal\.m2\repository\org\slf4j\slf4j-api\1.7.29\slf4j-api-1.7.29.jar;C:\Users\tayal\.m2\repository\org\slf4j\slf4j-log4j12\1.7.29\slf4j-log4j12-1.7.29.jar;C:\Users\tayal\.m2\repository\log4j\log4j\1.2.17\log4j-1.2.17.jar;C:\Users\tayal\.m2\repository\org\dcm4che\dcm4che-image\5.20.0\dcm4che-image-5.20.0.jar;D:\kulfiKaam\DevelopmentCode\extractor\src\main\resources\pixelmed.jar;D:\kulfiKaam\DevelopmentCode\extractor\src\main\resources\pixelmed_codec.jar;D:\kulfiKaam\DevelopmentCode\extractor\src\main\resources\pixelmed_imageio.jar;C:\Users\tayal\.m2\repository\com\github\jai-imageio\jai-imageio-jpeg2000\1.3.0\jai-imageio-jpeg2000-1.3.0.jar;C:\Users\tayal\.m2\repository\com\github\jai-imageio\jai-imageio-core\1.3.0\jai-imageio-core-1.3.0.jar;"/>
    <property name="sun.cpu.endian" value="little"/>
    <property name="user.home" value="C:\Users\tayal"/>
    <property name="user.language" value="en"/>
    <property name="java.specification.vendor" value="Oracle Corporation"/>
    <property name="java.version.date" value="2018-07-17"/>
    <property name="java.home" value="C:\Program Files\Java\jdk-10.0.2"/>
    <property name="file.separator" value="\"/>
    <property name="basedir" value="D:\kulfiKaam\DevelopmentCode\extractor"/>
    <property name="java.vm.compressedOopsMode" value="32-bit"/>
    <property name="line.separator" value="&#10;"/>
    <property name="java.specification.name" value="Java Platform API Specification"/>
    <property name="java.vm.specification.vendor" value="Oracle Corporation"/>
    <property name="java.awt.graphicsenv" value="sun.awt.Win32GraphicsEnvironment"/>
    <property name="surefire.real.class.path" value="C:\Users\tayal\AppData\Local\Temp\surefire16444220105628941795\surefirebooter12570279316344077629.jar"/>
    <property name="user.script" value=""/>
    <property name="sun.management.compiler" value="HotSpot 64-Bit Tiered Compilers"/>
    <property name="java.runtime.version" value="10.0.2+13"/>
    <property name="user.name" value="tayal"/>
    <property name="path.separator" value=";"/>
    <property name="os.version" value="10.0"/>
    <property name="java.runtime.name" value="Java(TM) SE Runtime Environment"/>
    <property name="file.encoding" value="Cp1252"/>
    <property name="java.vm.name" value="Java HotSpot(TM) 64-Bit Server VM"/>
    <property name="java.vendor.version" value="18.3"/>
    <property name="localRepository" value="C:\Users\tayal\.m2\repository"/>
    <property name="java.vendor.url.bug" value="http://bugreport.java.com/bugreport/"/>
    <property name="java.io.tmpdir" value="C:\Users\tayal\AppData\Local\Temp\"/>
    <property name="java.version" value="10.0.2"/>
    <property name="user.dir" value="D:\kulfiKaam\DevelopmentCode\extractor"/>
    <property name="os.arch" value="amd64"/>
    <property name="java.vm.specification.name" value="Java Virtual Machine Specification"/>
    <property name="java.awt.printerjob" value="sun.awt.windows.WPrinterJob"/>
    <property name="sun.os.patch.level" value=""/>
    <property name="java.library.path" value="C:\Program Files\Java\jdk-10.0.2\bin;C:\WINDOWS\Sun\Java\bin;C:\WINDOWS\system32;C:\WINDOWS;C:\apache-maven-3.6.3\bin;C:\Windows;C:\Windows\System32\Wbem;C:\Windows\System32\WindowsPowerShell\v1.0\;C:\Program Files (x86)\NVIDIA Corporation\PhysX\Common;C:\Android;C:\Program Files\PuTTY\;C:\WINDOWS\system32;C:\WINDOWS;C:\WINDOWS\System32\Wbem;C:\WINDOWS\System32\WindowsPowerShell\v1.0\;C:\WINDOWS\System32\OpenSSH\;C:\Program Files\Git\cmd;C:\Program Files\NVIDIA Corporation\NVIDIA NvDLISR;C:\Users\tayal\AppData\Local\Programs\Python\Python37-32\python.exe;D:\Matlab\runtime\win64;D:\Matlab\bin;C:\cygwin64\bin;C:\Program Files\Java\jdk-10.0.2\bin;C:\Users\tayal\AppData\Local\Programs\Python\Python37-32;C:\Users\tayal\AppData\Local\Programs\Python\Python37-32\Scripts\;C:\Users\tayal\AppData\Local\Programs\Microsoft VS Code\Code.exe;C:\Program Files\kotlinc\bin;C:\WINDOWS\system32;C:\WINDOWS;C:\WINDOWS\System32\Wbem;C:\WINDOWS\System32\WindowsPowerShell\v1.0\;C:\WINDOWS\System32\OpenSSH\;C:\Program Files\Intel\WiFi\bin\;C:\Program Files\Common Files\Intel\WirelessCommon\;C:\Program Files\nodejs\;C:\ProgramData\chocolatey\bin;C:\composer;C:\Program Files\MySQL\MySQL Server 8.0\bin;C:\xampp\php;D:\Git\cmd;C:\Program Files (x86)\Microsoft Visual Studio 14.0\VC\bin;C:\Program Files (x86)\Windows Kits\10\bin\x86;C:\Program Files (x86)\Windows Kits\10\bin\10.0.16299.0\arm64;D:\NI Circuit\Shared\LabVIEW CLI;C:\apache-maven-3.6.3\bin;D:\Anaconda;D:\Anaconda\Library\mingw-w64\bin;D:\Anaconda\Library\usr\bin;D:\Anaconda\Library\bin;D:\Anaconda\Scripts;C:\Users\tayal\AppData\Local\Programs\Python\Python37-32\Scripts\;C:\Users\tayal\AppData\Local\Programs\Python\Python37-32\python.exe;C:\cygwin64\bin;C:\MinGW/bin;C:\Users\tayal\AppData\Local\Programs\Python\Python37-32;C:\Users\tayal\AppData\Local\Programs\Microsoft VS Code\bin;C:\Program Files\JetBrains\WebStorm 2018.3.5\bin;C:\Program Files\Java\jdk-10.0.2\bin;C:\Users\tayal\AppData\Local\Programs\Microsoft VS Code\Code.exe;C:\Program Files\kotlinc\bin;C:\Users\tayal\AppData\Local\Microsoft\WindowsApps;C:\Users\tayal\AppData\Roaming\npm;C:\Users\tayal\AppData\Local\Programs\MiKTeX 2.9\miktex\bin\x64\;C:\Users\tayal\AppData\Roaming\Composer\vendor\bin;C:\Program Files\MySQL\MySQL Server 8.0\bin;C:\PHP7;C:\Program Files (x86)\Microsoft Visual Studio 14.0\VC\bin;C:\Program Files (x86)\Windows Kits\10\bin\x86;C:\Program Files (x86)\Windows Kits\10\bin\10.0.16299.0\arm64;C:\apache-maven-3.6.3\bin;C:\apache-maven-3.6.3\bin;;."/>
    <property name="java.vendor" value="Oracle Corporation"/>
    <property name="java.vm.info" value="mixed mode"/>
    <property name="java.vm.version" value="10.0.2+13"/>
    <property name="sun.io.unicode.encoding" value="UnicodeLittle"/>
    <property name="java.class.version" value="54.0"/>
  </properties>
  <testcase name="shouldAnswerWithTrue" classname="dicom.AppTest" time="0.001"/>
</testsuite>