<?xml version="1.0" encoding="UTF-8"?>
<testsuite xmlns:xsi="http://www.w3.org/2001/XMLSchema-instance" xsi:noNamespaceSchemaLocation="https://maven.apache.org/surefire/maven-surefire-plugin/xsd/surefire-test-report.xsd" name="dicom.AppTest" time="0.03" tests="1" errors="0" skipped="0" failures="0">
  <properties>
    <property name="sun.desktop" value="gnome"/>
    <property name="awt.toolkit" value="sun.awt.X11.XToolkit"/>
    <property name="java.specification.version" value="11"/>
    <property name="sun.cpu.isalist" value=""/>
    <property name="sun.jnu.encoding" value="UTF-8"/>
    <property name="java.class.path" value="/home/unicorn-io/dicom-extract/target/test-classes:/home/unicorn-io/dicom-extract/target/classes:/home/unicorn-io/.m2/repository/junit/junit/4.11/junit-4.11.jar:/home/unicorn-io/.m2/repository/org/hamcrest/hamcrest-core/1.3/hamcrest-core-1.3.jar:/home/unicorn-io/.m2/repository/org/dcm4che/dcm4che-imageio/5.20.0/dcm4che-imageio-5.20.0.jar:/home/unicorn-io/.m2/repository/org/dcm4che/dcm4che-core/5.20.0/dcm4che-core-5.20.0.jar:/home/unicorn-io/.m2/repository/org/dcm4che/dcm4che-dict/5.20.0/dcm4che-dict-5.20.0.jar:/home/unicorn-io/.m2/repository/org/slf4j/slf4j-api/1.7.29/slf4j-api-1.7.29.jar:/home/unicorn-io/.m2/repository/org/slf4j/slf4j-log4j12/1.7.29/slf4j-log4j12-1.7.29.jar:/home/unicorn-io/.m2/repository/log4j/log4j/1.2.17/log4j-1.2.17.jar:/home/unicorn-io/.m2/repository/org/dcm4che/dcm4che-image/5.20.0/dcm4che-image-5.20.0.jar:/home/unicorn-io/.m2/repository/org/codehaus/mojo/exec-maven-plugin/1.6.0/exec-maven-plugin-1.6.0.jar:/home/unicorn-io/.m2/repository/org/apache/maven/maven-toolchain/2.2.1/maven-toolchain-2.2.1.jar:/home/unicorn-io/.m2/repository/org/apache/maven/maven-project/2.2.1/maven-project-2.2.1.jar:/home/unicorn-io/.m2/repository/org/apache/maven/maven-settings/2.2.1/maven-settings-2.2.1.jar:/home/unicorn-io/.m2/repository/org/apache/maven/maven-profile/2.2.1/maven-profile-2.2.1.jar:/home/unicorn-io/.m2/repository/org/apache/maven/maven-plugin-registry/2.2.1/maven-plugin-registry-2.2.1.jar:/home/unicorn-io/.m2/repository/org/codehaus/plexus/plexus-interpolation/1.11/plexus-interpolation-1.11.jar:/home/unicorn-io/.m2/repository/org/codehaus/plexus/plexus-container-default/1.0-alpha-9-stable-1/plexus-container-default-1.0-alpha-9-stable-1.jar:/home/unicorn-io/.m2/repository/org/apache/maven/maven-model/2.2.1/maven-model-2.2.1.jar:/home/unicorn-io/.m2/repository/org/apache/maven/maven-artifact/2.2.1/maven-artifact-2.2.1.jar:/home/unicorn-io/.m2/repository/org/apache/maven/maven-artifact-manager/2.2.1/maven-artifact-manager-2.2.1.jar:/home/unicorn-io/.m2/repository/org/apache/maven/maven-repository-metadata/2.2.1/maven-repository-metadata-2.2.1.jar:/home/unicorn-io/.m2/repository/org/apache/maven/wagon/wagon-provider-api/1.0-beta-6/wagon-provider-api-1.0-beta-6.jar:/home/unicorn-io/.m2/repository/backport-util-concurrent/backport-util-concurrent/3.1/backport-util-concurrent-3.1.jar:/home/unicorn-io/.m2/repository/org/apache/maven/maven-core/2.2.1/maven-core-2.2.1.jar:/home/unicorn-io/.m2/repository/org/apache/maven/wagon/wagon-file/1.0-beta-6/wagon-file-1.0-beta-6.jar:/home/unicorn-io/.m2/repository/org/apache/maven/maven-plugin-parameter-documenter/2.2.1/maven-plugin-parameter-documenter-2.2.1.jar:/home/unicorn-io/.m2/repository/org/apache/maven/wagon/wagon-http-lightweight/1.0-beta-6/wagon-http-lightweight-1.0-beta-6.jar:/home/unicorn-io/.m2/repository/org/apache/maven/wagon/wagon-http-shared/1.0-beta-6/wagon-http-shared-1.0-beta-6.jar:/home/unicorn-io/.m2/repository/nekohtml/xercesMinimal/1.9.6.2/xercesMinimal-1.9.6.2.jar:/home/unicorn-io/.m2/repository/nekohtml/nekohtml/1.9.6.2/nekohtml-1.9.6.2.jar:/home/unicorn-io/.m2/repository/org/apache/maven/wagon/wagon-http/1.0-beta-6/wagon-http-1.0-beta-6.jar:/home/unicorn-io/.m2/repository/org/apache/maven/wagon/wagon-webdav-jackrabbit/1.0-beta-6/wagon-webdav-jackrabbit-1.0-beta-6.jar:/home/unicorn-io/.m2/repository/org/apache/jackrabbit/jackrabbit-webdav/1.5.0/jackrabbit-webdav-1.5.0.jar:/home/unicorn-io/.m2/repository/org/apache/jackrabbit/jackrabbit-jcr-commons/1.5.0/jackrabbit-jcr-commons-1.5.0.jar:/home/unicorn-io/.m2/repository/commons-httpclient/commons-httpclient/3.0/commons-httpclient-3.0.jar:/home/unicorn-io/.m2/repository/org/slf4j/slf4j-nop/1.5.3/slf4j-nop-1.5.3.jar:/home/unicorn-io/.m2/repository/org/slf4j/slf4j-jdk14/1.5.6/slf4j-jdk14-1.5.6.jar:/home/unicorn-io/.m2/repository/org/slf4j/jcl-over-slf4j/1.5.6/jcl-over-slf4j-1.5.6.jar:/home/unicorn-io/.m2/repository/org/apache/maven/reporting/maven-reporting-api/2.2.1/maven-reporting-api-2.2.1.jar:/home/unicorn-io/.m2/repository/org/apache/maven/doxia/doxia-sink-api/1.1/doxia-sink-api-1.1.jar:/home/unicorn-io/.m2/repository/org/apache/maven/doxia/doxia-logging-api/1.1/doxia-logging-api-1.1.jar:/home/unicorn-io/.m2/repository/org/apache/maven/maven-error-diagnostics/2.2.1/maven-error-diagnostics-2.2.1.jar:/home/unicorn-io/.m2/repository/commons-cli/commons-cli/1.2/commons-cli-1.2.jar:/home/unicorn-io/.m2/repository/org/apache/maven/wagon/wagon-ssh-external/1.0-beta-6/wagon-ssh-external-1.0-beta-6.jar:/home/unicorn-io/.m2/repository/org/apache/maven/wagon/wagon-ssh-common/1.0-beta-6/wagon-ssh-common-1.0-beta-6.jar:/home/unicorn-io/.m2/repository/org/apache/maven/maven-plugin-descriptor/2.2.1/maven-plugin-descriptor-2.2.1.jar:/home/unicorn-io/.m2/repository/org/codehaus/plexus/plexus-interactivity-api/1.0-alpha-4/plexus-interactivity-api-1.0-alpha-4.jar:/home/unicorn-io/.m2/repository/org/apache/maven/maven-monitor/2.2.1/maven-monitor-2.2.1.jar:/home/unicorn-io/.m2/repository/org/apache/maven/wagon/wagon-ssh/1.0-beta-6/wagon-ssh-1.0-beta-6.jar:/home/unicorn-io/.m2/repository/com/jcraft/jsch/0.1.38/jsch-0.1.38.jar:/home/unicorn-io/.m2/repository/classworlds/classworlds/1.1/classworlds-1.1.jar:/home/unicorn-io/.m2/repository/org/sonatype/plexus/plexus-sec-dispatcher/1.3/plexus-sec-dispatcher-1.3.jar:/home/unicorn-io/.m2/repository/org/sonatype/plexus/plexus-cipher/1.4/plexus-cipher-1.4.jar:/home/unicorn-io/.m2/repository/org/apache/maven/maven-plugin-api/2.2.1/maven-plugin-api-2.2.1.jar:/home/unicorn-io/.m2/repository/org/codehaus/plexus/plexus-utils/3.0.20/plexus-utils-3.0.20.jar:/home/unicorn-io/.m2/repository/org/apache/commons/commons-exec/1.3/commons-exec-1.3.jar:/home/unicorn-io/.m2/repository/com/pixelmed/pixelmed/20150512/pixelmed-20150512.jar:/home/unicorn-io/.m2/repository/javax/jmdns/jmdns/3.4.1/jmdns-3.4.1.jar:/home/unicorn-io/.m2/repository/org/hsqldb/hsqldb/2.3.2/hsqldb-2.3.2.jar:/home/unicorn-io/.m2/repository/java3d/vecmath/1.3.1/vecmath-1.3.1.jar:/home/unicorn-io/.m2/repository/commons-net/commons-net/3.3/commons-net-3.3.jar:/home/unicorn-io/.m2/repository/commons-codec/commons-codec/1.10/commons-codec-1.10.jar:/home/unicorn-io/.m2/repository/org/apache/commons/commons-compress/1.9/commons-compress-1.9.jar:/home/unicorn-io/.m2/repository/com/intellij/forms_rt/6.0.5/forms_rt-6.0.5.jar:/home/unicorn-io/.m2/repository/asm/asm-commons/2.2.3/asm-commons-2.2.3.jar:/home/unicorn-io/.m2/repository/asm/asm-tree/2.2.3/asm-tree-2.2.3.jar:/home/unicorn-io/.m2/repository/asm/asm/2.2.3/asm-2.2.3.jar:/home/unicorn-io/.m2/repository/com/jgoodies/forms/1.0.7/forms-1.0.7.jar:/home/unicorn-io/.m2/repository/jdom/jdom/1.0/jdom-1.0.jar:/home/unicorn-io/.m2/repository/com/github/jai-imageio/jai-imageio-jpeg2000/1.3.0/jai-imageio-jpeg2000-1.3.0.jar:/home/unicorn-io/.m2/repository/com/github/jai-imageio/jai-imageio-core/1.3.0/jai-imageio-core-1.3.0.jar:"/>
    <property name="java.vm.vendor" value="Ubuntu"/>
    <property name="sun.arch.data.model" value="64"/>
    <property name="java.vendor.url" value="https://ubuntu.com/"/>
    <property name="user.timezone" value=""/>
    <property name="java.vm.specification.version" value="11"/>
    <property name="os.name" value="Linux"/>
    <property name="sun.java.launcher" value="SUN_STANDARD"/>
    <property name="user.country" value="IN"/>
    <property name="sun.boot.library.path" value="/usr/lib/jvm/java-11-openjdk-amd64/lib"/>
    <property name="sun.java.command" value="/home/unicorn-io/dicom-extract/target/surefire/surefirebooter950924017184170290.jar /home/unicorn-io/dicom-extract/target/surefire 2020-03-05T23-06-15_785-jvmRun1 surefire2058158897645661987tmp surefire_013676813974193178056tmp"/>
    <property name="jdk.debug" value="release"/>
    <property name="surefire.test.class.path" value="/home/unicorn-io/dicom-extract/target/test-classes:/home/unicorn-io/dicom-extract/target/classes:/home/unicorn-io/.m2/repository/junit/junit/4.11/junit-4.11.jar:/home/unicorn-io/.m2/repository/org/hamcrest/hamcrest-core/1.3/hamcrest-core-1.3.jar:/home/unicorn-io/.m2/repository/org/dcm4che/dcm4che-imageio/5.20.0/dcm4che-imageio-5.20.0.jar:/home/unicorn-io/.m2/repository/org/dcm4che/dcm4che-core/5.20.0/dcm4che-core-5.20.0.jar:/home/unicorn-io/.m2/repository/org/dcm4che/dcm4che-dict/5.20.0/dcm4che-dict-5.20.0.jar:/home/unicorn-io/.m2/repository/org/slf4j/slf4j-api/1.7.29/slf4j-api-1.7.29.jar:/home/unicorn-io/.m2/repository/org/slf4j/slf4j-log4j12/1.7.29/slf4j-log4j12-1.7.29.jar:/home/unicorn-io/.m2/repository/log4j/log4j/1.2.17/log4j-1.2.17.jar:/home/unicorn-io/.m2/repository/org/dcm4che/dcm4che-image/5.20.0/dcm4che-image-5.20.0.jar:/home/unicorn-io/.m2/repository/org/codehaus/mojo/exec-maven-plugin/1.6.0/exec-maven-plugin-1.6.0.jar:/home/unicorn-io/.m2/repository/org/apache/maven/maven-toolchain/2.2.1/maven-toolchain-2.2.1.jar:/home/unicorn-io/.m2/repository/org/apache/maven/maven-project/2.2.1/maven-project-2.2.1.jar:/home/unicorn-io/.m2/repository/org/apache/maven/maven-settings/2.2.1/maven-settings-2.2.1.jar:/home/unicorn-io/.m2/repository/org/apache/maven/maven-profile/2.2.1/maven-profile-2.2.1.jar:/home/unicorn-io/.m2/repository/org/apache/maven/maven-plugin-registry/2.2.1/maven-plugin-registry-2.2.1.jar:/home/unicorn-io/.m2/repository/org/codehaus/plexus/plexus-interpolation/1.11/plexus-interpolation-1.11.jar:/home/unicorn-io/.m2/repository/org/codehaus/plexus/plexus-container-default/1.0-alpha-9-stable-1/plexus-container-default-1.0-alpha-9-stable-1.jar:/home/unicorn-io/.m2/repository/org/apache/maven/maven-model/2.2.1/maven-model-2.2.1.jar:/home/unicorn-io/.m2/repository/org/apache/maven/maven-artifact/2.2.1/maven-artifact-2.2.1.jar:/home/unicorn-io/.m2/repository/org/apache/maven/maven-artifact-manager/2.2.1/maven-artifact-manager-2.2.1.jar:/home/unicorn-io/.m2/repository/org/apache/maven/maven-repository-metadata/2.2.1/maven-repository-metadata-2.2.1.jar:/home/unicorn-io/.m2/repository/org/apache/maven/wagon/wagon-provider-api/1.0-beta-6/wagon-provider-api-1.0-beta-6.jar:/home/unicorn-io/.m2/repository/backport-util-concurrent/backport-util-concurrent/3.1/backport-util-concurrent-3.1.jar:/home/unicorn-io/.m2/repository/org/apache/maven/maven-core/2.2.1/maven-core-2.2.1.jar:/home/unicorn-io/.m2/repository/org/apache/maven/wagon/wagon-file/1.0-beta-6/wagon-file-1.0-beta-6.jar:/home/unicorn-io/.m2/repository/org/apache/maven/maven-plugin-parameter-documenter/2.2.1/maven-plugin-parameter-documenter-2.2.1.jar:/home/unicorn-io/.m2/repository/org/apache/maven/wagon/wagon-http-lightweight/1.0-beta-6/wagon-http-lightweight-1.0-beta-6.jar:/home/unicorn-io/.m2/repository/org/apache/maven/wagon/wagon-http-shared/1.0-beta-6/wagon-http-shared-1.0-beta-6.jar:/home/unicorn-io/.m2/repository/nekohtml/xercesMinimal/1.9.6.2/xercesMinimal-1.9.6.2.jar:/home/unicorn-io/.m2/repository/nekohtml/nekohtml/1.9.6.2/nekohtml-1.9.6.2.jar:/home/unicorn-io/.m2/repository/org/apache/maven/wagon/wagon-http/1.0-beta-6/wagon-http-1.0-beta-6.jar:/home/unicorn-io/.m2/repository/org/apache/maven/wagon/wagon-webdav-jackrabbit/1.0-beta-6/wagon-webdav-jackrabbit-1.0-beta-6.jar:/home/unicorn-io/.m2/repository/org/apache/jackrabbit/jackrabbit-webdav/1.5.0/jackrabbit-webdav-1.5.0.jar:/home/unicorn-io/.m2/repository/org/apache/jackrabbit/jackrabbit-jcr-commons/1.5.0/jackrabbit-jcr-commons-1.5.0.jar:/home/unicorn-io/.m2/repository/commons-httpclient/commons-httpclient/3.0/commons-httpclient-3.0.jar:/home/unicorn-io/.m2/repository/org/slf4j/slf4j-nop/1.5.3/slf4j-nop-1.5.3.jar:/home/unicorn-io/.m2/repository/org/slf4j/slf4j-jdk14/1.5.6/slf4j-jdk14-1.5.6.jar:/home/unicorn-io/.m2/repository/org/slf4j/jcl-over-slf4j/1.5.6/jcl-over-slf4j-1.5.6.jar:/home/unicorn-io/.m2/repository/org/apache/maven/reporting/maven-reporting-api/2.2.1/maven-reporting-api-2.2.1.jar:/home/unicorn-io/.m2/repository/org/apache/maven/doxia/doxia-sink-api/1.1/doxia-sink-api-1.1.jar:/home/unicorn-io/.m2/repository/org/apache/maven/doxia/doxia-logging-api/1.1/doxia-logging-api-1.1.jar:/home/unicorn-io/.m2/repository/org/apache/maven/maven-error-diagnostics/2.2.1/maven-error-diagnostics-2.2.1.jar:/home/unicorn-io/.m2/repository/commons-cli/commons-cli/1.2/commons-cli-1.2.jar:/home/unicorn-io/.m2/repository/org/apache/maven/wagon/wagon-ssh-external/1.0-beta-6/wagon-ssh-external-1.0-beta-6.jar:/home/unicorn-io/.m2/repository/org/apache/maven/wagon/wagon-ssh-common/1.0-beta-6/wagon-ssh-common-1.0-beta-6.jar:/home/unicorn-io/.m2/repository/org/apache/maven/maven-plugin-descriptor/2.2.1/maven-plugin-descriptor-2.2.1.jar:/home/unicorn-io/.m2/repository/org/codehaus/plexus/plexus-interactivity-api/1.0-alpha-4/plexus-interactivity-api-1.0-alpha-4.jar:/home/unicorn-io/.m2/repository/org/apache/maven/maven-monitor/2.2.1/maven-monitor-2.2.1.jar:/home/unicorn-io/.m2/repository/org/apache/maven/wagon/wagon-ssh/1.0-beta-6/wagon-ssh-1.0-beta-6.jar:/home/unicorn-io/.m2/repository/com/jcraft/jsch/0.1.38/jsch-0.1.38.jar:/home/unicorn-io/.m2/repository/classworlds/classworlds/1.1/classworlds-1.1.jar:/home/unicorn-io/.m2/repository/org/sonatype/plexus/plexus-sec-dispatcher/1.3/plexus-sec-dispatcher-1.3.jar:/home/unicorn-io/.m2/repository/org/sonatype/plexus/plexus-cipher/1.4/plexus-cipher-1.4.jar:/home/unicorn-io/.m2/repository/org/apache/maven/maven-plugin-api/2.2.1/maven-plugin-api-2.2.1.jar:/home/unicorn-io/.m2/repository/org/codehaus/plexus/plexus-utils/3.0.20/plexus-utils-3.0.20.jar:/home/unicorn-io/.m2/repository/org/apache/commons/commons-exec/1.3/commons-exec-1.3.jar:/home/unicorn-io/.m2/repository/com/pixelmed/pixelmed/20150512/pixelmed-20150512.jar:/home/unicorn-io/.m2/repository/javax/jmdns/jmdns/3.4.1/jmdns-3.4.1.jar:/home/unicorn-io/.m2/repository/org/hsqldb/hsqldb/2.3.2/hsqldb-2.3.2.jar:/home/unicorn-io/.m2/repository/java3d/vecmath/1.3.1/vecmath-1.3.1.jar:/home/unicorn-io/.m2/repository/commons-net/commons-net/3.3/commons-net-3.3.jar:/home/unicorn-io/.m2/repository/commons-codec/commons-codec/1.10/commons-codec-1.10.jar:/home/unicorn-io/.m2/repository/org/apache/commons/commons-compress/1.9/commons-compress-1.9.jar:/home/unicorn-io/.m2/repository/com/intellij/forms_rt/6.0.5/forms_rt-6.0.5.jar:/home/unicorn-io/.m2/repository/asm/asm-commons/2.2.3/asm-commons-2.2.3.jar:/home/unicorn-io/.m2/repository/asm/asm-tree/2.2.3/asm-tree-2.2.3.jar:/home/unicorn-io/.m2/repository/asm/asm/2.2.3/asm-2.2.3.jar:/home/unicorn-io/.m2/repository/com/jgoodies/forms/1.0.7/forms-1.0.7.jar:/home/unicorn-io/.m2/repository/jdom/jdom/1.0/jdom-1.0.jar:/home/unicorn-io/.m2/repository/com/github/jai-imageio/jai-imageio-jpeg2000/1.3.0/jai-imageio-jpeg2000-1.3.0.jar:/home/unicorn-io/.m2/repository/com/github/jai-imageio/jai-imageio-core/1.3.0/jai-imageio-core-1.3.0.jar:"/>
    <property name="sun.cpu.endian" value="little"/>
    <property name="user.home" value="/home/unicorn-io"/>
    <property name="user.language" value="en"/>
    <property name="java.specification.vendor" value="Oracle Corporation"/>
    <property name="java.version.date" value="2019-07-16"/>
    <property name="java.home" value="/usr/lib/jvm/java-11-openjdk-amd64"/>
    <property name="file.separator" value="/"/>
    <property name="basedir" value="/home/unicorn-io/dicom-extract"/>
    <property name="java.vm.compressedOopsMode" value="32-bit"/>
    <property name="line.separator" value="&#10;"/>
    <property name="java.specification.name" value="Java Platform API Specification"/>
    <property name="java.vm.specification.vendor" value="Oracle Corporation"/>
    <property name="java.awt.graphicsenv" value="sun.awt.X11GraphicsEnvironment"/>
    <property name="surefire.real.class.path" value="/home/unicorn-io/dicom-extract/target/surefire/surefirebooter950924017184170290.jar"/>
    <property name="sun.management.compiler" value="HotSpot 64-Bit Tiered Compilers"/>
    <property name="java.runtime.version" value="11.0.4+11-post-Ubuntu-1ubuntu218.04.3"/>
    <property name="user.name" value="unicorn-io"/>
    <property name="path.separator" value=":"/>
    <property name="os.version" value="5.0.0-37-generic"/>
    <property name="java.runtime.name" value="OpenJDK Runtime Environment"/>
    <property name="file.encoding" value="UTF-8"/>
    <property name="java.vm.name" value="OpenJDK 64-Bit Server VM"/>
    <property name="localRepository" value="/home/unicorn-io/.m2/repository"/>
    <property name="java.vendor.url.bug" value="https://bugs.launchpad.net/ubuntu/+source/openjdk-lts"/>
    <property name="java.io.tmpdir" value="/tmp"/>
    <property name="java.version" value="11.0.4"/>
    <property name="user.dir" value="/home/unicorn-io/dicom-extract"/>
    <property name="os.arch" value="amd64"/>
    <property name="java.vm.specification.name" value="Java Virtual Machine Specification"/>
    <property name="java.awt.printerjob" value="sun.print.PSPrinterJob"/>
    <property name="sun.os.patch.level" value="unknown"/>
    <property name="java.library.path" value="/usr/java/packages/lib:/usr/lib/x86_64-linux-gnu/jni:/lib/x86_64-linux-gnu:/usr/lib/x86_64-linux-gnu:/usr/lib/jni:/lib:/usr/lib"/>
    <property name="java.vendor" value="Ubuntu"/>
    <property name="java.vm.info" value="mixed mode"/>
    <property name="java.vm.version" value="11.0.4+11-post-Ubuntu-1ubuntu218.04.3"/>
    <property name="sun.io.unicode.encoding" value="UnicodeLittle"/>
    <property name="java.class.version" value="55.0"/>
  </properties>
  <testcase name="shouldAnswerWithTrue" classname="dicom.AppTest" time="0.002"/>
</testsuite>